生成启动时间为 2015/4/28 星期二 21:48:37。
     1>项目“C:\Users\leip\Documents\Visual Studio 2010\Projects\Numerical Computation\ExtremumSearch\ExtremumSearch\ExtremumSearch.vcxproj”在节点 2 上(build 个目标)。
     1>InitializeBuildStatus:
         正在创建“Debug\ExtremumSearch.unsuccessfulbuild”，因为已指定“AlwaysCreate”。
       ClCompile:
         e:\Program Files\Microsoft Visual Studio 10.0\VC\bin\CL.exe /c /ZI /nologo /W3 /WX- /Od /Oy- /D WIN32 /D _DEBUG /D _CONSOLE /D _UNICODE /D UNICODE /Gm /EHsc /RTC1 /MDd /GS /fp:precise /Zc:wchar_t /Zc:forScope /Fo"Debug\\" /Fd"Debug\vc100.pdb" /Gd /TP /analyze- /errorReport:prompt NMSimplex.cpp test.cpp
         NMSimplex.cpp
     1>c:\users\leip\documents\visual studio 2010\projects\numerical computation\extremumsearch\extremumsearch\nmsimplex.cpp(9): warning C4244: “=”: 从“double”转换到“float”，可能丢失数据
     1>c:\users\leip\documents\visual studio 2010\projects\numerical computation\extremumsearch\extremumsearch\nmsimplex.cpp(10): warning C4244: “=”: 从“double”转换到“float”，可能丢失数据
     1>c:\users\leip\documents\visual studio 2010\projects\numerical computation\extremumsearch\extremumsearch\nmsimplex.cpp(52): warning C4244: “=”: 从“double”转换到“float”，可能丢失数据
     1>c:\users\leip\documents\visual studio 2010\projects\numerical computation\extremumsearch\extremumsearch\nmsimplex.cpp(58): warning C4244: “=”: 从“double”转换到“float”，可能丢失数据
     1>c:\users\leip\documents\visual studio 2010\projects\numerical computation\extremumsearch\extremumsearch\nmsimplex.cpp(64): warning C4244: “=”: 从“double”转换到“float”，可能丢失数据
     1>c:\users\leip\documents\visual studio 2010\projects\numerical computation\extremumsearch\extremumsearch\nmsimplex.cpp(74): warning C4244: “=”: 从“double”转换到“float”，可能丢失数据
     1>c:\users\leip\documents\visual studio 2010\projects\numerical computation\extremumsearch\extremumsearch\nmsimplex.cpp(86): warning C4244: “=”: 从“double”转换到“float”，可能丢失数据
         正在生成代码...
         正在跳过...(未检测到相关更改)
         test.cpp
       ManifestResourceCompile:
         所有输出均为最新。
       Link:
         e:\Program Files\Microsoft Visual Studio 10.0\VC\bin\link.exe /ERRORREPORT:PROMPT /OUT:"C:\Users\leip\Documents\Visual Studio 2010\Projects\Numerical Computation\ExtremumSearch\Debug\ExtremumSearch.exe" /INCREMENTAL /NOLOGO kernel32.lib user32.lib gdi32.lib winspool.lib comdlg32.lib advapi32.lib shell32.lib ole32.lib oleaut32.lib uuid.lib odbc32.lib odbccp32.lib /MANIFEST /ManifestFile:"Debug\ExtremumSearch.exe.intermediate.manifest" /MANIFESTUAC:"level='asInvoker' uiAccess='false'" /DEBUG /PDB:"C:\Users\leip\Documents\Visual Studio 2010\Projects\Numerical Computation\ExtremumSearch\Debug\ExtremumSearch.pdb" /SUBSYSTEM:CONSOLE /TLBID:1 /DYNAMICBASE /NXCOMPAT /IMPLIB:"C:\Users\leip\Documents\Visual Studio 2010\Projects\Numerical Computation\ExtremumSearch\Debug\ExtremumSearch.lib" /MACHINE:X86 Debug\ExtremumSearch.exe.embed.manifest.res
         Debug\exsearch.obj
         Debug\NMSimplex.obj
         Debug\test.obj
       Manifest:
         C:\Program Files\Microsoft SDKs\Windows\v7.0A\bin\mt.exe /nologo /verbose /out:"Debug\ExtremumSearch.exe.embed.manifest" /manifest Debug\ExtremumSearch.exe.intermediate.manifest
         所有输出均为最新。
       LinkEmbedManifest:
         所有输出均为最新。
         ExtremumSearch.vcxproj -> C:\Users\leip\Documents\Visual Studio 2010\Projects\Numerical Computation\ExtremumSearch\Debug\ExtremumSearch.exe
       FinalizeBuildStatus:
         正在删除文件“Debug\ExtremumSearch.unsuccessfulbuild”。
         正在对“Debug\ExtremumSearch.lastbuildstate”执行 Touch 任务。
     1>已完成生成项目“C:\Users\leip\Documents\Visual Studio 2010\Projects\Numerical Computation\ExtremumSearch\ExtremumSearch\ExtremumSearch.vcxproj”(build 个目标)的操作。

生成成功。

已用时间 00:00:00.32
